Build started 11/4/2022 6:07:53 AM.
     1>Project "C:\Users\CodingMyLife\documents\visual studio 2015\Projects\departmentTechersInfo\departmentTechersInfo\departmentTechersInfo.vcxproj" on node 2 (Build target(s)).
     1>ClCompile:
         C:\Program Files (x86)\Microsoft Visual Studio 14.0\VC\bin\CL.exe /c /AI"C:\Program Files (x86)\Reference Assemblies\Microsoft\Framework\.NETFramework\v4.5.2\\" /AI"C:\Program Files (x86)\Windows Kits\8.1\References\CommonConfiguration\Neutral" /AI"C:\Program Files (x86)\Reference Assemblies\Microsoft\Framework\.NETFramework\v4.5.2\Facades\\" /Zi /clr /nologo /W3 /WX- /Od /Oy- /D WIN32 /D _DEBUG /D _UNICODE /D UNICODE /EHa /MDd /GS /fp:precise /Zc:wchar_t /Zc:forScope /Zc:inline /Fo"Debug\\" /Fd"Debug\vc140.pdb" /TP /FU"C:\Program Files (x86)\Reference Assemblies\Microsoft\Framework\.NETFramework\v4.5.2\mscorlib.dll" /FU"C:\Program Files (x86)\Reference Assemblies\Microsoft\Framework\.NETFramework\v4.5.2\System.Data.dll" /FU"C:\Program Files (x86)\Reference Assemblies\Microsoft\Framework\.NETFramework\v4.5.2\System.dll" /FU"C:\Program Files (x86)\Reference Assemblies\Microsoft\Framework\.NETFramework\v4.5.2\System.Drawing.dll" /FU"C:\Program Files (x86)\Reference Assemblies\Microsoft\Framework\.NETFramework\v4.5.2\System.Windows.Forms.dll" /FU"C:\Program Files (x86)\Reference Assemblies\Microsoft\Framework\.NETFramework\v4.5.2\System.Xml.dll" /analyze- /errorReport:prompt /clr:nostdlib Home.cpp Login.cpp MyForm.cpp
         Home.cpp
         Login.cpp
     1>c:\users\codingmylife\documents\visual studio 2015\projects\departmenttechersinfo\departmenttechersinfo\Login.h(161): warning C4101: 'parol': unreferenced local variable
     1>c:\users\codingmylife\documents\visual studio 2015\projects\departmenttechersinfo\departmenttechersinfo\Login.h(161): warning C4101: 'login': unreferenced local variable
         MyForm.cpp
     1>c:\users\codingmylife\documents\visual studio 2015\projects\departmenttechersinfo\departmenttechersinfo\Login.h(161): warning C4101: 'parol': unreferenced local variable
     1>c:\users\codingmylife\documents\visual studio 2015\projects\departmenttechersinfo\departmenttechersinfo\Login.h(161): warning C4101: 'login': unreferenced local variable
         Generating Code...
       Link:
         C:\Program Files (x86)\Microsoft Visual Studio 14.0\VC\bin\link.exe /ERRORREPORT:PROMPT /OUT:"C:\Users\CodingMyLife\documents\visual studio 2015\Projects\departmentTechersInfo\Debug\departmentTechersInfo.exe" /INCREMENTAL /NOLOGO /ASSEMBLYRESOURCE:Debug\departmentTechersInfo.Home.resources /ASSEMBLYRESOURCE:Debug\departmentTechersInfo.Login.resources /ASSEMBLYRESOURCE:Debug\departmentTechersInfo.MyForm.resources /MANIFEST /MANIFESTUAC:"level='asInvoker' uiAccess='false'" /manifest:embed /Debug /PDB:"C:\Users\CodingMyLife\documents\visual studio 2015\Projects\departmentTechersInfo\Debug\departmentTechersInfo.pdb" /ASSEMBLYDEBUG /SUBSYSTEM:WINDOWS /TLBID:1 /ENTRY:"Main" /DYNAMICBASE /FIXED:NO /NXCOMPAT /MACHINE:X86 Debug\Home.obj
         Debug\Login.obj
         Debug\MyForm.obj
         "Debug\.NETFramework,Version=v4.5.2.AssemblyAttributes.obj"
         departmentTechersInfo.vcxproj -> C:\Users\CodingMyLife\documents\visual studio 2015\Projects\departmentTechersInfo\Debug\departmentTechersInfo.exe
     1>Done Building Project "C:\Users\CodingMyLife\documents\visual studio 2015\Projects\departmentTechersInfo\departmentTechersInfo\departmentTechersInfo.vcxproj" (Build target(s)).

Build succeeded.

Time Elapsed 00:00:05.59
